<?xml version="1.0" encoding="UTF-8"?>
<testsuite xmlns:xsi="http://www.w3.org/2001/XMLSchema-instance" xsi:noNamespaceSchemaLocation="https://maven.apache.org/surefire/maven-surefire-plugin/xsd/surefire-test-report.xsd" version="3.0.2" name="es.codeurjc.web.nitflex.e2e.NewFilmTest" time="28.445" tests="2" errors="0" skipped="0" failures="0">
  <properties>
[...]
</properties>
  <testcase name="new_film_without_title" classname="es.codeurjc.web.nitflex.e2e.NewFilmTest" time="5.285">
    <system-out><![CDATA[07:36:52.826 [main] INFO org.springframework.boot.devtools.restart.RestartApplicationListener -- Restart disabled due to context in which it is running

  .   ____          _            __ _ _
 /\\ / ___'_ __ _ _(_)_ __  __ _ \ \ \ \
( ( )\___ | '_ | '_| | '_ \/ _` | \ \ \ \
 \\/  ___)| |_)| | | | | || (_| |  ) ) ) )
  '  |____| .__|_| |_|_| |_\__, | / / / /
 =========|_|==============|___/=/_/_/_/

 :: Spring Boot ::                (v3.4.2)

2025-03-24T07:36:54.165+01:00  INFO 5812 --- [           main] e.codeurjc.web.nitflex.e2e.NewFilmTest   : Starting NewFilmTest using Java 22.0.1 with PID 5812 (started by z.ruiz.2022 in R:\AIS\Nitflex\Nitflex)
2025-03-24T07:36:54.168+01:00  INFO 5812 --- [           main] e.codeurjc.web.nitflex.e2e.NewFilmTest   : No active profile set, falling back to 1 default profile: "default"
2025-03-24T07:36:57.239+01:00  INFO 5812 --- [           main] .s.d.r.c.RepositoryConfigurationDelegate : Bootstrapping Spring Data JPA repositories in DEFAULT mode.
2025-03-24T07:36:57.481+01:00  INFO 5812 --- [           main] .s.d.r.c.RepositoryConfigurationDelegate : Finished Spring Data repository scanning in 207 ms. Found 3 JPA repository interfaces.
2025-03-24T07:36:59.621+01:00  INFO 5812 --- [           main] o.s.b.w.embedded.tomcat.TomcatWebServer  : Tomcat initialized with port 0 (http)
2025-03-24T07:36:59.697+01:00  INFO 5812 --- [           main] o.apache.catalina.core.StandardService   : Starting service [Tomcat]
2025-03-24T07:36:59.698+01:00  INFO 5812 --- [           main] o.apache.catalina.core.StandardEngine    : Starting Servlet engine: [Apache Tomcat/10.1.34]
2025-03-24T07:36:59.890+01:00  INFO 5812 --- [           main] o.a.c.c.C.[Tomcat].[localhost].[/]       : Initializing Spring embedded WebApplicationContext
2025-03-24T07:36:59.893+01:00  INFO 5812 --- [           main] w.s.c.ServletWebServerApplicationContext : Root WebApplicationContext: initialization completed in 4841 ms
2025-03-24T07:37:00.418+01:00  INFO 5812 --- [           main] com.zaxxer.hikari.HikariDataSource       : HikariPool-1 - Starting...
2025-03-24T07:37:01.461+01:00  INFO 5812 --- [           main] com.zaxxer.hikari.pool.HikariPool        : HikariPool-1 - Added connection conn0: url=jdbc:h2:mem:testdb user=SA
2025-03-24T07:37:01.466+01:00  INFO 5812 --- [           main] com.zaxxer.hikari.HikariDataSource       : HikariPool-1 - Start completed.
2025-03-24T07:37:01.705+01:00  INFO 5812 --- [           main] o.hibernate.jpa.internal.util.LogHelper  : HHH000204: Processing PersistenceUnitInfo [name: default]
2025-03-24T07:37:02.007+01:00  INFO 5812 --- [           main] org.hibernate.Version                    : HHH000412: Hibernate ORM core version 6.6.5.Final
2025-03-24T07:37:02.170+01:00  INFO 5812 --- [           main] o.h.c.internal.RegionFactoryInitiator    : HHH000026: Second-level cache disabled
2025-03-24T07:37:03.298+01:00  INFO 5812 --- [           main] o.s.o.j.p.SpringPersistenceUnitInfo      : No LoadTimeWeaver setup: ignoring JPA class transformer
2025-03-24T07:37:03.675+01:00  INFO 5812 --- [           main] org.hibernate.orm.connections.pooling    : HHH10001005: Database info:
	Database JDBC URL [Connecting through datasource 'HikariDataSource (HikariPool-1)']
	Database driver: undefined/unknown
	Database version: 2.3.232
	Autocommit mode: undefined/unknown
	Isolation level: undefined/unknown
	Minimum pool size: undefined/unknown
	Maximum pool size: undefined/unknown
2025-03-24T07:37:07.303+01:00  INFO 5812 --- [           main] o.h.e.t.j.p.i.JtaPlatformInitiator       : HHH000489: No JTA platform available (set 'hibernate.transaction.jta.platform' to enable JTA platform integration)
2025-03-24T07:37:07.462+01:00  INFO 5812 --- [           main] j.LocalContainerEntityManagerFactoryBean : Initialized JPA EntityManagerFactory for persistence unit 'default'
2025-03-24T07:37:08.315+01:00  INFO 5812 --- [           main] o.s.d.j.r.query.QueryEnhancerFactory     : Hibernate is in classpath; If applicable, HQL parser will be used.
2025-03-24T07:37:10.203+01:00  WARN 5812 --- [           main] JpaBaseConfiguration$JpaWebConfiguration : spring.jpa.open-in-view is enabled by default. Therefore, database queries may be performed during view rendering. Explicitly configure spring.jpa.open-in-view to disable this warning
2025-03-24T07:37:11.897+01:00  INFO 5812 --- [           main] o.s.b.w.embedded.tomcat.TomcatWebServer  : Tomcat started on port 50622 (http) with context path '/'
2025-03-24T07:37:11.908+01:00  INFO 5812 --- [           main] e.codeurjc.web.nitflex.e2e.NewFilmTest   : Started NewFilmTest in 19.136 seconds (process running for 22.871)
2025-03-24T07:37:15.510+01:00  WARN 5812 --- [           main] o.o.selenium.devtools.CdpVersionFinder   : Unable to find an exact match for CDP version 134, returning the closest version; found: 132; Please update to a Selenium version that supports CDP version 134
2025-03-24T07:37:15.721+01:00  INFO 5812 --- [o-auto-1-exec-2] o.a.c.c.C.[Tomcat].[localhost].[/]       : Initializing Spring DispatcherServlet 'dispatcherServlet'
2025-03-24T07:37:15.722+01:00  INFO 5812 --- [o-auto-1-exec-2] o.s.web.servlet.DispatcherServlet        : Initializing Servlet 'dispatcherServlet'
2025-03-24T07:37:15.724+01:00  INFO 5812 --- [o-auto-1-exec-2] o.s.web.servlet.DispatcherServlet        : Completed initialization in 2 ms
]]></system-out>
    <system-err><![CDATA[Mockito is currently self-attaching to enable the inline-mock-maker. This will no longer work in future releases of the JDK. Please add Mockito as an agent to your build what is described in Mockito's documentation: https://javadoc.io/doc/org.mockito/mockito-core/latest/org/mockito/Mockito.html#0.3
WARNING: A Java agent has been loaded dynamically (C:\Users\z.ruiz.2022\.m2\repository\net\bytebuddy\byte-buddy-agent\1.15.11\byte-buddy-agent-1.15.11.jar)
WARNING: If a serviceability tool is in use, please run with -XX:+EnableDynamicAgentLoading to hide this warning
WARNING: If a serviceability tool is not in use, please run with -Djdk.instrument.traceUsage for more information
WARNING: Dynamic loading of agents will be disallowed by default in a future release
]]></system-err>
  </testcase>
  <testcase name="new_correct_film" classname="es.codeurjc.web.nitflex.e2e.NewFilmTest" time="2.267">
    <system-out><![CDATA[2025-03-24T07:37:18.259+01:00  WARN 5812 --- [           main] o.o.selenium.devtools.CdpVersionFinder   : Unable to find an exact match for CDP version 134, returning the closest version; found: 132; Please update to a Selenium version that supports CDP version 134
]]></system-out>
  </testcase>
</testsuite>